<?xml version="1.0" encoding="UTF-8"?>
<!-- Generated by org.testng.reporters.JUnitXMLReporter -->
<testsuite ignored="3" hostname="AGRNT-WS-002" failures="1" tests="9" name="Loan sample1,2,3" time="0.032" errors="0" timestamp="2022-08-12T12:35:03 IST">
  <testcase classname="Test1.sample1" name="sample10" time="0.0">
    <failure type="org.testng.TestNGException" message="
Parameter &amp;apos;URL&amp;apos; is required by @Test on method sample10 but has not been marked @Optional or defined
in D:\eclipse-java-2022-06-R-win32-x86_64\TestNGTutorial\testngsample1.xml">
      <![CDATA[org.testng.TestNGException: 
Parameter 'URL' is required by @Test on method sample10 but has not been marked @Optional or defined
in D:\eclipse-java-2022-06-R-win32-x86_64\TestNGTutorial\testngsample1.xml
at java.base/java.util.ArrayList.forEach(ArrayList.java:1511)
... Removed 26 stack frames]]>
    </failure>
  </testcase> <!-- sample10 -->
  <testcase classname="Test1.sample1" name="sample101" time="0.001"/>
  <testcase classname="Test1.sample1" name="sample102" time="0.0"/>
  <testcase classname="Test1.sample2" name="sample201" time="0.001"/>
  <testcase classname="Test1.sample2" name="sample202" time="0.001"/>
  <testcase classname="Test2.DataProviderr" name="m1" time="0.0"/>
  <testcase classname="Test2.DataProviderr" name="m1" time="0.0"/>
  <testcase classname="Test2.DataProviderr" name="m1" time="0.0"/>
  <testcase classname="Test1.sample3" name="sample303" time="0.0"/>
  <testcase classname="Test1.sample3" name="sample302" time="0.0">
    <ignored/>
  </testcase> <!-- sample302 -->
  <testcase classname="Test1.sample3" name="sampple301" time="0.0">
    <ignored/>
  </testcase> <!-- sampple301 -->
  <testcase classname="Test1.sample3" name="sample304" time="0.0">
    <ignored/>
  </testcase> <!-- sample304 -->
</testsuite> <!-- Loan sample1,2,3 -->
